<?xml version="1.0" encoding="UTF-8"?>
<!-- Generated by org.testng.reporters.JUnitXMLReporter -->
<testsuite ignored="0" hostname="DESKTOP-SEKDPB4" failures="0" tests="4" name="Default test" time="0.062" errors="0" timestamp="2024-04-29T08:06:44 IST">
  <testcase classname="tests.TestClass" name="test1" time="0.007"/>
  <testcase classname="tests.TestClass" name="test2" time="0.001"/>
  <testcase classname="tests.TestClass" name="test3" time="0.001"/>
  <testcase classname="tests.TestClass" name="test4" time="0.001"/>
</testsuite> <!-- Default test -->
