<?xml version="1.0" encoding="UTF-8"?>
<!-- Generated by org.testng.reporters.JUnitXMLReporter -->
<testsuite ignored="0" hostname="DESKTOP-SEKDPB4" failures="0" tests="8" name="EdgeTest" time="0.152" errors="0" timestamp="2024-05-09T00:06:59 IST">
  <testcase classname="tests.AmezonTest" name="verifyErrorMessageWhenPasswordFunctilotyIsUSed" time="0.0">
    <skipped/>
  </testcase> <!-- verifyErrorMessageWhenPasswordFunctilotyIsUSed -->
  <testcase classname="tests.AmezonTest_2" name="verifyErrorMessageWhenPasswordFunctilotyIsUSed" time="0.0">
    <skipped/>
  </testcase> <!-- verifyErrorMessageWhenPasswordFunctilotyIsUSed -->
  <testcase classname="tests.AmezonTest" name="verifyPasswordShouldBeChangedSuccessfully" time="0.0">
    <skipped/>
  </testcase> <!-- verifyPasswordShouldBeChangedSuccessfully -->
  <testcase classname="tests.AmezonTest_2" name="verifyPasswordShouldBeChangedSuccessfully" time="0.0">
    <skipped/>
  </testcase> <!-- verifyPasswordShouldBeChangedSuccessfully -->
  <testcase classname="tests.AmezonTest_2" name="verifyPasswordShouldBeChangedSuccessfully" time="0.001">
    <skipped/>
  </testcase> <!-- verifyPasswordShouldBeChangedSuccessfully -->
  <testcase classname="tests.AmezonTest_2" name="verifyPasswordShouldBeChangedSuccessfully" time="0.0">
    <skipped/>
  </testcase> <!-- verifyPasswordShouldBeChangedSuccessfully -->
  <testcase classname="tests.AmezonTest_2" name="verifyPasswordShouldBeChangedSuccessfully" time="0.0">
    <skipped/>
  </testcase> <!-- verifyPasswordShouldBeChangedSuccessfully -->
  <testcase classname="tests.AmezonTest_2" name="verifyPasswordShouldBeChangedSuccessfully" time="0.0">
    <skipped/>
  </testcase> <!-- verifyPasswordShouldBeChangedSuccessfully -->
</testsuite> <!-- EdgeTest -->
