<?xml version="1.0" encoding="UTF-8"?>
<!-- Generated by org.testng.reporters.JUnitXMLReporter -->
<testsuite ignored="0" hostname="DESKTOP-SEKDPB4" failures="0" tests="8" name="Test" time="0.092" errors="0" timestamp="2024-04-24T08:02:42 IST">
  <testcase classname="tests.TestClass" name="test1" time="0.007"/>
  <testcase classname="tests.TestClass" name="test2" time="0.003"/>
  <testcase classname="tests.TestClass" name="test3" time="0.001"/>
  <testcase classname="tests.TestClass" name="test4" time="0.001"/>
  <testcase classname="tests.TestClass2" name="test1" time="0.001"/>
  <testcase classname="tests.TestClass2" name="test2" time="0.002"/>
  <testcase classname="tests.TestClass2" name="test3" time="0.001"/>
  <testcase classname="tests.TestClass2" name="test4" time="0.003"/>
</testsuite> <!-- Test -->
